 Methfessel-Paxton distribution function order           4

Calculation with static geometry


********************************************************************************
 iSCC Total electronic   Diff electronic      SCC error    
    5   -0.25388355E+02   -0.20807031E-06    0.89496947E-03
********************************************************************************

 Total charge:    -0.00000000

 Atomic gross charges (e)
 Atom           Charge
    1       0.48528588
    2       0.06223549
    3       0.09854084
    4       0.02046516
    5       0.02469615
    6       0.06710865
    7       0.05968376
    8       0.57290202
    9       0.66074421
   10      -0.64216578
   11      -0.55759473
   12      -0.60930243
   13      -0.24259921

Nr. of electrons (up):     42.00000000
Atom populations (up)
 Atom       Population
    1       3.51471412
    2       3.93776451
    3       3.90145916
    4       0.97953484
    5       0.97530385
    6       0.93289135
    7       0.94031624
    8       0.42709798
    9       0.33925579
   10       6.64216578
   11       6.55759473
   12       6.60930243
   13       6.24259921

l-shell populations (up)
 Atom Sh.   l       Population
    1   1   0       0.97321265
    1   2   1       2.54150147
    2   1   0       1.05273594
    2   2   1       2.88502857
    3   1   0       1.04125348
    3   2   1       2.86020568
    4   1   0       0.97953484
    5   1   0       0.97530385
    6   1   0       0.93289135
    7   1   0       0.94031624
    8   1   0       0.12591276
    8   2   1       0.30118522
    9   1   0       0.14966062
    9   2   1       0.18959517
   10   1   0       1.68844523
   10   2   1       4.95372055
   11   1   0       1.70469044
   11   2   1       4.85290428
   12   1   0       1.72016556
   12   2   1       4.88913686
   13   1   0       1.65145401
   13   2   1       4.59114520

Orbital populations (up)
 Atom Sh.   l   m       Population  Label
    1   1   0   0       0.97321265  s
    1   2   1  -1       0.87147250  p_y
    1   2   1   0       0.83057570  p_z
    1   2   1   1       0.83945327  p_x
    2   1   0   0       1.05273594  s
    2   2   1  -1       0.85393393  p_y
    2   2   1   0       1.05112507  p_z
    2   2   1   1       0.97996957  p_x
    3   1   0   0       1.04125348  s
    3   2   1  -1       0.95546935  p_y
    3   2   1   0       0.97307843  p_z
    3   2   1   1       0.93165790  p_x
    4   1   0   0       0.97953484  s
    5   1   0   0       0.97530385  s
    6   1   0   0       0.93289135  s
    7   1   0   0       0.94031624  s
    8   1   0   0       0.12591276  s
    8   2   1  -1       0.09381017  p_y
    8   2   1   0       0.09914197  p_z
    8   2   1   1       0.10823309  p_x
    9   1   0   0       0.14966062  s
    9   2   1  -1       0.10326784  p_y
    9   2   1   0       0.04314184  p_z
    9   2   1   1       0.04318548  p_x
   10   1   0   0       1.68844523  s
   10   2   1  -1       1.57834831  p_y
   10   2   1   0       1.66769357  p_z
   10   2   1   1       1.70767867  p_x
   11   1   0   0       1.70469044  s
   11   2   1  -1       1.47349315  p_y
   11   2   1   0       1.77851849  p_z
   11   2   1   1       1.60089264  p_x
   12   1   0   0       1.72016556  s
   12   2   1  -1       1.62480143  p_y
   12   2   1   0       1.52691836  p_z
   12   2   1   1       1.73741708  p_x
   13   1   0   0       1.65145401  s
   13   2   1  -1       1.50053461  p_y
   13   2   1   0       1.56316161  p_z
   13   2   1   1       1.52744898  p_x

Fermi level:                        -0.2928568924 H           -7.9690 eV
Band energy:                       -21.6945172369 H         -590.3379 eV
TS:                                 -0.0000000000 H           -0.0000 eV
Band free energy (E-TS):           -21.6945172369 H         -590.3379 eV
Extrapolated E(0K):                -21.6945172369 H         -590.3379 eV
Input / Output electrons (q):     42.0000000000     42.0000000000

Energy H0:                         -25.7681358080 H         -701.1867 eV
Energy SCC:                          0.3797805650 H           10.3344 eV
Total Electronic energy:           -25.3883552429 H         -690.8523 eV
Repulsive energy:                    0.0000000000 H            0.0000 eV
Total energy:                      -25.3883552429 H         -690.8523 eV
Extrapolated to 0:                 -25.3883552429 H         -690.8523 eV
Total Mermin free energy:          -25.3883552429 H         -690.8523 eV
Force related energy:              -25.3883552429 H         -690.8523 eV

SCC converged

Total Forces
    1      0.033800552462     -0.006310428787      0.051801973601
    2     -0.003975870236      0.001828555584     -0.014042777271
    3     -0.017822427609     -0.005583132081     -0.013439276941
    4      0.007968705861      0.014682407595      0.008948822032
    5      0.006298417179      0.002973876352      0.013854944908
    6      0.008615268593      0.008396773411      0.000039507408
    7     -0.000087097227      0.001473268491      0.010586407425
    8      0.005519551944      0.009100561004      0.009072751580
    9      0.003455021877      0.003802412263      0.002909976979
   10     -0.012608122924     -0.026006728607     -0.022884239982
   11      0.008107871282      0.023321364705     -0.004753855636
   12     -0.017221000620     -0.007333723427     -0.019698797728
   13     -0.022050870583     -0.020345206503     -0.022395436376

Total stress tensor
      0.000002531445      0.000001716204      0.000001669170
      0.000001716204      0.000001689928      0.000001778971
      0.000001669170      0.000001778971      0.000000611468

Total lattice derivs
     -0.002350387401     -0.001593455219     -0.001549785723
     -0.001593455219     -0.001569058662     -0.001651732955
     -0.002384285728     -0.002541127623     -0.000873436671

Maximal derivative component:        0.518020E-01 au

Volume:                              0.350913E+05 au^3
Pressure:                            0.161095E-05 au     0.473957E+08 Pa

Warning: dipole moment is not defined absolutely!
Dipole moment:   -0.60908641   -1.83231110   -0.47118690 au
Dipole moment:   -1.54814335   -4.65727065   -1.19763774 Debye


