 KPT            1  SPIN            1  KWEIGHT    1.0000000000000000     
     1   -19.629  2.00000
     2   -18.660  2.00000
     3   -18.221  2.00000
     4   -17.339  2.00000
     5   -16.987  2.00000
     6   -15.982  2.00000
     7   -15.719  2.00000
     8   -15.246  2.00000
     9   -14.835  2.00000
    10   -14.602  2.00000
    11   -13.564  2.00000
    12   -13.277  2.00000
    13   -13.152  2.00000
    14   -12.483  2.00000
    15   -12.087  2.00000
    16   -11.537  2.00000
    17   -11.392  2.00000
    18   -11.031  2.00000
    19   -10.356  2.00000
    20    -9.634  2.00000
    21    -9.436  2.00000
    22    -6.502 -0.00000
    23    -5.589 -0.00000
    24    -4.336  0.00000
    25    -1.687  0.00000
    26    -1.619  0.00000
    27    -0.711  0.00000
    28     0.676  0.00000
    29     2.347  0.00000
    30     3.052  0.00000
    31     3.861  0.00000
    32     4.763  0.00000
    33     4.918  0.00000
    34     6.444  0.00000
    35     7.408  0.00000
    36     8.959  0.00000
    37     9.972  0.00000
    38    11.045  0.00000
    39    15.289  0.00000
    40    16.390  0.00000

