# Reference      Predicted      Error          #atoms         
-73.00294       -74.16314       1.16020         13.00000       
-61.33545       -60.41797       0.91747         10.00000       
-96.40155       -96.40155       0.00000         18.00000       
-61.89408       -62.05669       0.16261         11.00000       
-84.18726       -86.63347       2.44621         15.00000       
-84.62958       -86.84633       2.21675         15.00000       
-74.49237       -73.63346       0.85891         13.00000       
-84.33286       -86.08196       1.74910         15.00000       
-62.54868       -63.19576       0.64708         11.00000       
-56.74893       -58.79893       2.05000         10.00000       
-56.72541       -57.51792       0.79251         10.00000       
-55.29798       -60.00194       4.70396         10.00000       
-55.99074       -58.82177       2.83102         10.00000       
-55.89346       -58.29037       2.39691         10.00000       
-55.54916       -59.81097       4.26181         10.00000       
-55.83686       -60.44020       4.60334         10.00000       
-55.91594       -57.01027       1.09432         10.00000       
-56.21340       -60.28238       4.06898         10.00000       
-56.23141       -60.26255       4.03115         10.00000       
-55.91404       -57.59880       1.68476         10.00000       
-55.54594       -57.64123       2.09529         10.00000       
-56.22497       -59.58397       3.35901         10.00000       
-56.25671       -57.70353       1.44682         10.00000       
-56.32070       -58.70064       2.37994         10.00000       
-56.47396       -59.26983       2.79587         10.00000       
-56.36952       -59.27872       2.90920         10.00000       
-56.24419       -58.08299       1.83880         10.00000       
-56.69793       -59.30810       2.61017         10.00000       
-56.64964       -58.94961       2.29997         10.00000       
-56.22004       -59.97601       3.75597         10.00000       
-56.80335       -59.51423       2.71087         10.00000       
-56.62358       -60.11283       3.48925         10.00000       
-56.45073       -59.83360       3.38288         10.00000       
-56.07020       -57.33016       1.25996         10.00000       
-55.94722       -59.27784       3.33061         10.00000       
-56.19629       -59.72574       3.52946         10.00000       
-56.25920       -57.63717       1.37796         10.00000       
-56.33993       -59.97563       3.63570         10.00000       
-56.89052       -59.88681       2.99629         10.00000       
-56.47883       -58.78113       2.30230         10.00000       
-56.66164       -59.99272       3.33107         10.00000       
-56.39073       -59.95781       3.56708         10.00000       
-55.97855       -57.56212       1.58357         10.00000       
-56.44165       -59.05448       2.61283         10.00000       
-56.19369       -59.39876       3.20507         10.00000       
-56.16665       -59.91180       3.74515         10.00000       
-55.84648       -55.92705       0.08057         10.00000       
-55.87238       -55.79273       0.07965         10.00000       
-55.95191       -59.09195       3.14004         10.00000       
-56.56834       -58.62779       2.05945         10.00000       
-56.23583       -57.39576       1.15993         10.00000       
-56.51816       -58.38728       1.86911         10.00000       
-56.05991       -56.86524       0.80533         10.00000       
-56.14983       -57.07212       0.92229         10.00000       
-56.05316       -56.97479       0.92163         10.00000       
-56.48731       -58.97728       2.48997         10.00000       
-56.52521       -58.82994       2.30473         10.00000       
-56.22117       -57.58618       1.36501         10.00000       
-56.72487       -58.11528       1.39041         10.00000       
-57.73358       -55.69429       2.03929         10.00000       
-56.12151       -57.15160       1.03008         10.00000       
-56.34945       -58.66353       2.31408         10.00000       
-57.66314       -57.60891       0.05423         10.00000       
-58.27705       -56.96435       1.31271         10.00000       
-58.01230       -58.34294       0.33064         10.00000       
-57.35017       -57.28064       0.06952         10.00000       
-57.18413       -57.23551       0.05137         10.00000       
-57.38840       -57.00368       0.38473         10.00000       
-57.95656       -57.24847       0.70809         10.00000       
-57.25876       -56.04535       1.21341         10.00000       
-57.28444       -57.57182       0.28738         10.00000       
-58.60777       -57.21025       1.39752         10.00000       
-57.28012       -56.33820       0.94192         10.00000       
-57.46789       -56.13023       1.33766         10.00000       
-58.47247       -57.92306       0.54941         10.00000       
-58.19678       -56.27380       1.92298         10.00000       
-57.46971       -57.85495       0.38524         10.00000       
-56.93564       -57.74655       0.81091         10.00000       
-56.65533       -56.56150       0.09383         10.00000       
-56.83313       -57.38012       0.54700         10.00000       
-56.59322       -59.43698       2.84376         10.00000       
-56.85348       -56.59273       0.26075         10.00000       
-57.03732       -56.39636       0.64096         10.00000       
-57.09669       -57.94269       0.84600         10.00000       
-57.42511       -57.22516       0.19995         10.00000       
-57.61181       -57.34679       0.26502         10.00000       
-57.83009       -57.41263       0.41746         10.00000       
-57.81907       -57.53327       0.28580         10.00000       
-58.39923       -57.05009       1.34914         10.00000       
-57.98000       -55.25137       2.72863         10.00000       
-57.18513       -55.20590       1.97923         10.00000       
-57.31213       -57.28913       0.02300         10.00000       
-57.07887       -56.21328       0.86559         10.00000       
-57.34488       -56.72515       0.61973         10.00000       
-57.88559       -57.27106       0.61453         10.00000       
-57.25135       -57.59417       0.34282         10.00000       
-56.57969       -56.33521       0.24448         10.00000       
-57.44678       -56.87342       0.57336         10.00000       
-57.85365       -56.36707       1.48658         10.00000       
-57.71983       -57.39950       0.32032         10.00000       
-57.32975       -56.46740       0.86235         10.00000       
-57.23028       -57.62628       0.39600         10.00000       
-57.62148       -57.43277       0.18871         10.00000       
-57.06732       -56.94084       0.12648         10.00000       
-58.32299       -56.79338       1.52962         10.00000       
-56.64210       -56.29372       0.34839         10.00000       
-57.09199       -58.05531       0.96332         10.00000       
-57.49399       -55.89898       1.59501         10.00000       
-57.06815       -55.49640       1.57175         10.00000       
-57.52939       -57.39526       0.13413         10.00000       
-57.89857       -57.60724       0.29133         10.00000       
-56.72434       -57.28615       0.56181         10.00000       
-57.67016       -57.51154       0.15862         10.00000       
-56.86144       -57.82990       0.96846         10.00000       
-58.37298       -58.31965       0.05333         10.00000       
-57.71791       -57.73870       0.02079         10.00000       
-57.87565       -58.27058       0.39493         10.00000       
-57.58181       -56.60480       0.97701         10.00000       
-57.61545       -56.28283       1.33262         10.00000       
-56.79886       -56.29963       0.49923         10.00000       
-57.35761       -58.01751       0.65991         10.00000       
-56.85781       -56.51861       0.33920         10.00000       
-58.62663       -52.29155       6.33508         10.00000       
-58.16930       -56.01957       2.14973         10.00000       
-59.46575       -53.52782       5.93793         10.00000       
-58.25967       -55.20341       3.05626         10.00000       
-58.79510       -54.73338       4.06172         10.00000       
-59.10290       -54.08196       5.02094         10.00000       
-58.19211       -55.80459       2.38752         10.00000       
-59.14874       -55.00682       4.14193         10.00000       
-58.89916       -55.57495       3.32421         10.00000       
-59.07819       -55.69120       3.38699         10.00000       
-58.86381       -52.22619       6.63762         10.00000       
-50.70294       -52.79451       2.09157         10.00000       
-58.73617       -52.41815       6.31801         10.00000       
-59.89390       -53.24217       6.65173         10.00000       
-59.48138       -54.78989       4.69148         10.00000       
-59.09059       -51.41939       7.67121         10.00000       
-52.01038       -54.52548       2.51510         10.00000       
-59.17605       -51.48152       7.69453         10.00000       
-51.91158       -54.15446       2.24287         10.00000       
-59.16970       -52.46515       6.70455         10.00000       
-58.30471       -55.54423       2.76048         10.00000       
-51.11144       -52.88620       1.77476         10.00000       
-59.37946       -53.30611       6.07335         10.00000       
-58.73992       -52.39505       6.34487         10.00000       
-58.73427       -52.59581       6.13846         10.00000       
-47.85008       -53.05541       5.20534         10.00000       
-50.72022       -56.14371       5.42349         10.00000       
-48.14256       -52.36358       4.22102         10.00000       
-48.35408       -53.22922       4.87514         10.00000       
-46.78182       -48.25569       1.47387         10.00000       
-50.85808       -52.53657       1.67849         10.00000       
-46.78858       -52.69511       5.90653         10.00000       
-50.83637       -52.34849       1.51212         10.00000       
-51.33686       -55.61753       4.28067         10.00000       
-50.89580       -54.98954       4.09374         10.00000       
-49.05910       -51.86553       2.80643         10.00000       
-51.34615       -54.51714       3.17099         10.00000       
-47.30996       -50.95216       3.64220         10.00000       
-46.96893       -52.86296       5.89403         10.00000       
-50.36092       -56.03517       5.67426         10.00000       
-49.83833       -55.62842       5.79009         10.00000       
-47.71672       -49.45655       1.73983         10.00000       
-47.53974       -52.08299       4.54325         10.00000       
-47.64640       -48.83079       1.18439         10.00000       
-50.55074       -53.27345       2.72271         10.00000       
-50.11478       -51.47766       1.36288         10.00000       
-51.10501       -54.09948       2.99447         10.00000       
-58.97839       -52.31506       6.66333         10.00000       
-50.32616       -51.39776       1.07161         10.00000       
-50.17990       -55.71621       5.53631         10.00000       
-50.82598       -51.54380       0.71782         10.00000       
-50.72446       -55.85184       5.12738         10.00000       
-50.20433       -50.74659       0.54226         10.00000       
-49.80947       -50.70042       0.89095         10.00000       
-49.25621       -50.27334       1.01713         10.00000       
-47.79597       -53.62819       5.83222         10.00000       
-50.93845       -52.58189       1.64343         10.00000       
-49.52855       -55.06096       5.53241         10.00000       
-48.57851       -51.33504       2.75653         10.00000       
-50.96585       -55.47818       4.51233         10.00000       
-48.75323       -51.19419       2.44095         10.00000       
-51.15768       -56.16144       5.00376         10.00000       
-49.64146       -52.42947       2.78801         10.00000       
-50.71342       -56.04675       5.33333         10.00000       
-47.86548       -49.64352       1.77805         10.00000       
-50.65416       -56.31534       5.66118         10.00000       
-50.80659       -56.23695       5.43036         10.00000       
-50.90478       -56.34313       5.43836         10.00000       
-50.17329       -55.49478       5.32149         10.00000       
-49.25851       -54.26401       5.00551         10.00000       
-47.44821       -49.29922       1.85100         10.00000       
-50.40186       -52.63051       2.22865         10.00000       
-48.35391       -52.24218       3.88827         10.00000       
-49.66672       -53.82889       4.16217         10.00000       
-49.78776       -51.78739       1.99963         10.00000       
-47.83643       -50.44829       2.61186         10.00000       
-47.20045       -48.45526       1.25481         10.00000       
-49.97579       -53.06248       3.08669         10.00000       
-51.52755       -55.83817       4.31062         10.00000       
-51.36366       -55.82694       4.46328         10.00000       
-51.40456       -55.28004       3.87548         10.00000       
-51.03701       -55.62415       4.58714         10.00000       
-48.63393       -53.23367       4.59974         10.00000       
-48.42443       -50.68450       2.26007         10.00000       
-47.97870       -53.32764       5.34894         10.00000       
-50.16156       -55.41775       5.25619         10.00000       
-51.32203       -52.55206       1.23003         10.00000       
-51.07527       -52.34760       1.27233         10.00000       
-50.63600       -52.03499       1.39898         10.00000       
-48.25639       -50.90785       2.65146         10.00000       
-47.76474       -50.61486       2.85012         10.00000       
-48.78988       -54.34890       5.55902         10.00000       
-58.46119       -53.44371       5.01748         10.00000       
-49.77633       -52.71647       2.94015         10.00000       
-49.89601       -51.57661       1.68061         10.00000       
-49.01706       -51.79432       2.77727         10.00000       
-51.49306       -54.42505       2.93199         10.00000       
-51.19409       -54.39759       3.20350         10.00000       
-58.25111       -52.42076       5.83035         10.00000       
-58.88228       -53.50022       5.38207         10.00000       
-58.67410       -52.53786       6.13624         10.00000       
-58.83948       -54.28932       4.55015         10.00000       
-49.83643       -53.64635       3.80992         10.00000       
-59.12896       -52.74992       6.37904         10.00000       
-58.64208       -54.20727       4.43481         10.00000       
-59.00755       -52.45869       6.54886         10.00000       
-59.33291       -53.52061       5.81230         10.00000       
-58.86314       -54.53916       4.32398         10.00000       
-58.70933       -54.63928       4.07005         10.00000       
-58.26542       -55.30507       2.96035         10.00000       
-58.98853       -51.09400       7.89453         10.00000       
-58.77976       -55.83849       2.94127         10.00000       
-58.32098       -52.83006       5.49092         10.00000       
-58.66985       -54.38561       4.28425         10.00000       
-58.63466       -55.02430       3.61036         10.00000       
-58.77762       -54.87926       3.89836         10.00000       
-59.36402       -52.36780       6.99621         10.00000       
-58.45004       -52.62330       5.82674         10.00000       
-58.89028       -54.95433       3.93594         10.00000       
-58.54569       -55.76756       2.77813         10.00000       
-58.82070       -52.99752       5.82317         10.00000       
-59.09556       -53.61151       5.48405         10.00000       
-59.36325       -54.68502       4.67823         10.00000       
-58.95761       -51.02597       7.93164         10.00000       
-58.63333       -53.33101       5.30232         10.00000       
-58.89572       -51.46078       7.43495         10.00000       
-58.57498       -52.20095       6.37403         10.00000       
-59.00634       -54.66803       4.33832         10.00000       
-58.81955       -52.50126       6.31830         10.00000       
-59.47889       -53.80470       5.67419         10.00000       
-58.62556       -48.26953       10.35604        10.00000       
-51.30504       -54.92540       3.62036         10.00000       
-59.16456       -49.12377       10.04080        10.00000       
-58.68236       -52.46761       6.21475         10.00000       
-59.08055       -54.24024       4.84031         10.00000       
-49.61680       -55.03768       5.42088         10.00000       
-51.61556       -53.43246       1.81690         10.00000       
-48.83721       -49.34825       0.51104         10.00000       
-50.57454       -52.29753       1.72298         10.00000       
-51.73826       -54.31536       2.57710         10.00000       
-49.76437       -50.30370       0.53934         10.00000       
-51.68370       -54.65257       2.96887         10.00000       
-50.02758       -55.80394       5.77636         10.00000       
-58.44687       -55.47798       2.96889         10.00000       
-49.94678       -51.35584       1.40905         10.00000       
-48.86889       -54.69272       5.82383         10.00000       
-47.39991       -49.93042       2.53051         10.00000       
-51.09273       -55.44099       4.34826         10.00000       
-49.62888       -50.34206       0.71318         10.00000       
-48.59033       -51.01015       2.41982         10.00000       
-50.43328       -50.47797       0.04468         10.00000       
-50.40080       -50.89324       0.49244         10.00000       
-49.88696       -50.73556       0.84860         10.00000       
-50.85362       -52.42715       1.57354         10.00000       
-50.92615       -55.42257       4.49642         10.00000       
-51.01100       -52.22595       1.21495         10.00000       
-50.31549       -51.20517       0.88968         10.00000       
-51.28912       -53.29169       2.00256         10.00000       
-51.53476       -53.89327       2.35851         10.00000       
-50.42942       -54.14544       3.71602         10.00000       
-48.56650       -51.66011       3.09361         10.00000       
-51.57786       -54.27208       2.69422         10.00000       
-48.87221       -50.63601       1.76380         10.00000       
-51.29787       -54.65940       3.36153         10.00000       
-59.30773       -60.81418       1.50645         10.00000       
-51.59519       -53.31306       1.71786         10.00000       
-49.39498       -54.84194       5.44696         10.00000       
-59.13498       -60.70302       1.56804         10.00000       
-50.43483       -56.36674       5.93191         10.00000       
-60.74112       -60.66438       0.07674         10.00000       
-60.01603       -60.56931       0.55328         10.00000       
-54.91088       -59.01755       4.10667         10.00000       
-55.71801       -58.88335       3.16535         10.00000       
-55.04969       -59.01009       3.96040         10.00000       
-55.73173       -59.03074       3.29901         10.00000       
-55.75419       -59.00699       3.25280         10.00000       
-60.74337       -60.66292       0.08045         10.00000       
-58.66212       -60.86060       2.19848         10.00000       
-48.65300       -53.22660       4.57360         10.00000       
-58.16390       -60.79556       2.63166         10.00000       
-57.92544       -60.16494       2.23950         10.00000       
-55.21457       -59.03620       3.82164         10.00000       
-56.47713       -59.62641       3.14928         10.00000       
-48.41298       -52.48606       4.07307         10.00000       
-55.37339       -59.21805       3.84466         10.00000       
-61.78333       -60.71830       1.06503         10.00000       
-61.79564       -60.71964       1.07600         10.00000       
-61.46628       -60.75098       0.71530         10.00000       
-58.51906       -60.80605       2.28699         10.00000       
-60.01679       -60.58613       0.56934         10.00000       
-61.35064       -60.95460       0.39604         10.00000       
-61.42083       -60.91195       0.50888         10.00000       
-61.42514       -60.95460       0.47054         10.00000       
-61.57800       -60.85504       0.72296         10.00000       
-57.55299       -60.96320       3.41021         10.00000       
-56.04298       -59.95564       3.91267         10.00000       
-61.48025       -60.50439       0.97586         10.00000       
-61.61851       -60.50716       1.11135         10.00000       
-61.48183       -60.63131       0.85053         10.00000       
-61.45008       -60.81919       0.63089         10.00000       
-61.39539       -60.62881       0.76658         10.00000       
-61.48686       -60.75283       0.73403         10.00000       
-61.43554       -60.65349       0.78205         10.00000       
-55.39802       -59.77259       4.37458         10.00000       
-61.48828       -60.93893       0.54935         10.00000       
-61.49441       -60.93160       0.56281         10.00000       
-61.55124       -60.56440       0.98684         10.00000       
-61.44901       -60.39417       1.05484         10.00000       
-61.45821       -60.30805       1.15016         10.00000       
-61.49073       -60.97929       0.51144         10.00000       
-61.54162       -60.96156       0.58007         10.00000       
-61.55088       -60.93483       0.61605         10.00000       
-61.44901       -60.87695       0.57206         10.00000       
-61.43041       -60.79152       0.63889         10.00000       
-61.44579       -60.76551       0.68028         10.00000       
-61.49794       -60.74175       0.75619         10.00000       
-61.39640       -60.53541       0.86099         10.00000       
-61.45054       -60.72350       0.72704         10.00000       
-61.49608       -60.76809       0.72799         10.00000       
-61.45598       -60.76200       0.69397         10.00000       
-61.49704       -60.66566       0.83138         10.00000       
-61.46097       -60.62929       0.83168         10.00000       
-61.45725       -60.61310       0.84414         10.00000       
-61.50751       -60.55626       0.95125         10.00000       
-61.47781       -60.57856       0.89924         10.00000       
-61.39636       -60.77414       0.62222         10.00000       
-61.55490       -60.79013       0.76476         10.00000       
-61.53281       -60.79414       0.73867         10.00000       
-56.99308       -60.84014       3.84706         10.00000       
-61.52059       -60.49495       1.02564         10.00000       
-61.39111       -60.56570       0.82541         10.00000       
-61.49058       -60.95833       0.53225         10.00000       
-61.49647       -60.74093       0.75554         10.00000       
-61.47745       -60.75625       0.72120         10.00000       
-61.50738       -60.75263       0.75475         10.00000       
-61.49962       -60.76785       0.73177         10.00000       
-61.51800       -60.85416       0.66384         10.00000       
-61.49171       -60.93438       0.55733         10.00000       
-61.41350       -60.94396       0.46954         10.00000       
-61.39228       -60.93811       0.45417         10.00000       
-61.46908       -60.51811       0.95097         10.00000       
-61.57039       -60.37878       1.19161         10.00000       
-61.42411       -60.33091       1.09320         10.00000       
-61.48003       -60.61642       0.86361         10.00000       
-61.61871       -60.76027       0.85844         10.00000       
-61.40188       -60.71602       0.68586         10.00000       
-61.34628       -60.75381       0.59247         10.00000       
-61.46460       -60.82334       0.64126         10.00000       
-61.42368       -60.80804       0.61564         10.00000       
-61.44635       -60.45756       0.98879         10.00000       
-61.43781       -60.26941       1.16840         10.00000       
-61.40976       -60.27151       1.13826         10.00000       
-61.37050       -60.41448       0.95603         10.00000       
-61.39942       -60.90424       0.49518         10.00000       
-61.50471       -60.54631       0.95839         10.00000       
-61.54446       -60.54351       1.00095         10.00000       
-61.51839       -60.52424       0.99415         10.00000       
-61.50020       -60.52587       0.97433         10.00000       
-61.54647       -60.81758       0.72889         10.00000       
-61.48224       -60.67831       0.80393         10.00000       
-61.41390       -60.92854       0.48536         10.00000       
-61.43550       -60.96626       0.46924         10.00000       
-61.43913       -60.39641       1.04272         10.00000       
-61.40924       -60.96492       0.44432         10.00000       
-61.39146       -60.96432       0.42714         10.00000       
-61.58015       -60.49754       1.08260         10.00000       
-61.35348       -60.79089       0.56258         10.00000       
-61.44599       -60.76124       0.68475         10.00000       
-61.50074       -60.75530       0.74544         10.00000       
-61.56767       -60.67563       0.89204         10.00000       
-61.55922       -60.66702       0.89220         10.00000       
-61.51339       -60.61027       0.90312         10.00000       
-61.49268       -60.71706       0.77562         10.00000       
-61.52509       -60.88216       0.64293         10.00000       
-61.40105       -60.85957       0.54148         10.00000       
-61.50441       -60.66764       0.83677         10.00000       
-61.47674       -60.62619       0.85055         10.00000       
-61.55000       -60.73067       0.81933         10.00000       
-61.45570       -60.81766       0.63803         10.00000       
-61.47999       -60.77753       0.70246         10.00000       
-61.44201       -60.41451       1.02750         10.00000       
-61.59033       -60.73122       0.85911         10.00000       
-61.37182       -60.73644       0.63537         10.00000       
-61.45724       -60.72243       0.73481         10.00000       
-61.47688       -60.77081       0.70607         10.00000       
-61.59383       -60.73999       0.85384         10.00000       
-61.49491       -60.73522       0.75969         10.00000       
-61.44258       -60.75962       0.68296         10.00000       
-61.47491       -60.71446       0.76046         10.00000       
-61.46852       -60.70468       0.76383         10.00000       
-61.46114       -60.64473       0.81641         10.00000       
-61.45390       -60.83642       0.61749         10.00000       
-61.48563       -60.80752       0.67811         10.00000       
-61.39931       -60.84623       0.55308         10.00000       
-61.36156       -60.49421       0.86734         10.00000       
-61.40010       -60.81604       0.58406         10.00000       
-61.52317       -60.54942       0.97375         10.00000       
-61.53290       -60.73225       0.80065         10.00000       
-61.49466       -60.54614       0.94852         10.00000       
-61.54388       -60.44635       1.09753         10.00000       
-61.56416       -60.44605       1.11811         10.00000       
-61.48186       -60.51399       0.96787         10.00000       
-61.52996       -60.59052       0.93944         10.00000       
-61.44760       -60.70660       0.74101         10.00000       
-61.53540       -60.70503       0.83037         10.00000       
-61.48868       -60.78574       0.70295         10.00000       
-61.48322       -60.97040       0.51282         10.00000       
-61.42191       -60.91455       0.50736         10.00000       
-61.45681       -60.92763       0.52918         10.00000       
-61.37146       -60.89917       0.47229         10.00000       
-61.50757       -60.65377       0.85380         10.00000       
-61.62520       -60.63056       0.99464         10.00000       
-61.50711       -60.64240       0.86471         10.00000       
-61.42166       -60.65500       0.76665         10.00000       
-61.52535       -60.90433       0.62102         10.00000       
-61.46005       -60.84743       0.61261         10.00000       
-61.51642       -60.79847       0.71795         10.00000       
-61.52203       -60.66097       0.86106         10.00000       
-61.45898       -60.62977       0.82922         10.00000       
-61.48204       -60.63995       0.84208         10.00000       
-61.42638       -60.65162       0.77475         10.00000       
-61.37596       -60.63288       0.74309         10.00000       
-61.37023       -60.62517       0.74505         10.00000       
-61.39375       -60.62636       0.76740         10.00000       
-61.37593       -60.64734       0.72859         10.00000       
-61.49782       -60.53781       0.96000         10.00000       
-61.58109       -60.61304       0.96804         10.00000       
-61.52623       -60.61730       0.90894         10.00000       
-61.48546       -60.65447       0.83098         10.00000       
-61.46111       -60.62953       0.83158         10.00000       
-61.60367       -60.62659       0.97708         10.00000       
-61.58014       -60.76807       0.81207         10.00000       
-61.59068       -60.78591       0.80478         10.00000       
-61.42392       -60.78172       0.64220         10.00000       
-61.49536       -60.77177       0.72359         10.00000       
-61.53227       -60.35049       1.18178         10.00000       
-61.47003       -60.55343       0.91660         10.00000       
-61.49023       -60.59183       0.89840         10.00000       
-61.40935       -60.61889       0.79046         10.00000       
-61.47525       -60.67773       0.79752         10.00000       
-61.51828       -60.69664       0.82164         10.00000       
-61.46942       -60.81544       0.65398         10.00000       
-61.46215       -60.89332       0.56883         10.00000       
-61.50614       -60.79466       0.71148         10.00000       
-61.40707       -60.94285       0.46422         10.00000       
-61.42909       -60.39102       1.03806         10.00000       
-61.50366       -60.71270       0.79096         10.00000       
-61.43638       -60.42376       1.01263         10.00000       
-61.54633       -60.69626       0.85007         10.00000       
-61.50567       -60.81271       0.69295         10.00000       
-61.60618       -60.65016       0.95602         10.00000       
-61.46814       -60.61138       0.85676         10.00000       
-61.62048       -60.67955       0.94093         10.00000       
-61.56735       -60.92052       0.64682         10.00000       
-61.52698       -60.64512       0.88186         10.00000       
-61.57438       -60.88393       0.69045         10.00000       
-61.42360       -60.78670       0.63690         10.00000       
-61.49573       -60.89118       0.60455         10.00000       
-61.51448       -60.61130       0.90318         10.00000       
-61.51192       -60.16875       1.34318         10.00000       
-61.41509       -60.90214       0.51295         10.00000       
-61.45290       -60.91177       0.54114         10.00000       
-61.40258       -60.52423       0.87835         10.00000       
-61.42229       -60.33309       1.08920         10.00000       
-61.43320       -60.40058       1.03262         10.00000       
-61.44421       -60.50284       0.94137         10.00000       
-61.51429       -60.60608       0.90822         10.00000       
-61.49492       -60.65649       0.83843         10.00000       
-61.45054       -60.73896       0.71158         10.00000       
-61.41183       -60.80988       0.60195         10.00000       
-62.44413       -63.05735       0.61322         11.00000       
-62.48423       -63.05286       0.56864         11.00000       
-62.55421       -63.04356       0.48936         11.00000       
-62.56386       -63.04848       0.48462         11.00000       
-62.57609       -63.05594       0.47986         11.00000       
-61.89087       -61.34399       0.54688         11.00000       
-61.96753       -63.25077       1.28324         11.00000       
-63.17205       -62.76357       0.40848         11.00000       
-62.60203       -63.06516       0.46313         11.00000       
-62.60095       -63.06484       0.46389         11.00000       
-61.63121       -60.45688       1.17433         11.00000       
-62.60573       -63.06618       0.46046         11.00000       
-61.97865       -61.75344       0.22521         11.00000       
-62.05337       -62.22778       0.17441         11.00000       
-62.06084       -62.28880       0.22796         11.00000       
-63.53912       -62.78368       0.75543         11.00000       
-61.73278       -61.44697       0.28580         11.00000       
-61.14104       -63.30118       2.16014         11.00000       
-62.25757       -62.30466       0.04709         11.00000       
-63.54093       -62.78375       0.75718         11.00000       
-63.54432       -62.78074       0.76358         11.00000       
-63.55989       -62.77227       0.78762         11.00000       
-63.56150       -62.77262       0.78888         11.00000       
-63.57705       -62.77860       0.79845         11.00000       
-63.57911       -62.77948       0.79963         11.00000       
-63.58692       -62.78027       0.80666         11.00000       
-63.58474       -62.78024       0.80450         11.00000       
-62.46780       -63.05894       0.59114         11.00000       
-62.49939       -63.06340       0.56401         11.00000       
-62.08956       -63.07915       0.98959         11.00000       
-62.50769       -63.06264       0.55495         11.00000       
-62.63033       -63.07946       0.44913         11.00000       
-62.61165       -63.06574       0.45409         11.00000       
-62.60973       -63.06516       0.45543         11.00000       
-62.61051       -63.06476       0.45426         11.00000       
-62.63855       -63.08972       0.45116         11.00000       
-62.61225       -63.06647       0.45422         11.00000       
-62.61567       -63.06786       0.45220         11.00000       
-62.61241       -63.06654       0.45413         11.00000       
-62.61648       -63.06926       0.45278         11.00000       
-62.61853       -63.07155       0.45302         11.00000       
-62.62131       -63.07466       0.45335         11.00000       
-62.62350       -63.07370       0.45020         11.00000       
-62.63075       -63.08069       0.44994         11.00000       
-62.63214       -63.08388       0.45173         11.00000       
-62.63802       -63.08780       0.44978         11.00000       
-62.62599       -63.07276       0.44677         11.00000       
-62.63908       -63.08988       0.45079         11.00000       
-62.63905       -63.09192       0.45287         11.00000       
-62.63901       -63.09240       0.45339         11.00000       
-62.63855       -63.09510       0.45655         11.00000       
-62.63801       -63.09316       0.45515         11.00000       
-62.63634       -63.09119       0.45485         11.00000       
-62.63795       -63.09292       0.45497         11.00000       
-59.62238       -62.91184       3.28946         11.00000       
-62.63512       -63.09962       0.46450         11.00000       
-59.43720       -62.95523       3.51803         11.00000       
-62.63503       -63.10006       0.46503         11.00000       
-62.63494       -63.10037       0.46543         11.00000       
-62.63449       -63.10138       0.46689         11.00000       
-62.63459       -63.10128       0.46669         11.00000       
-62.62546       -63.10087       0.47541         11.00000       
-62.63372       -63.10125       0.46753         11.00000       
-62.63395       -63.10149       0.46753         11.00000       
-62.62284       -63.09383       0.47098         11.00000       
-62.63362       -63.10108       0.46746         11.00000       
-62.62689       -63.09859       0.47169         11.00000       
-62.63305       -63.09909       0.46605         11.00000       
-62.62674       -63.09895       0.47221         11.00000       
-62.62850       -63.09942       0.47092         11.00000       
-62.63066       -63.09618       0.46551         11.00000       
-62.63021       -63.09731       0.46710         11.00000       
-62.62592       -63.10038       0.47446         11.00000       
-62.62378       -63.09748       0.47370         11.00000       
-62.62357       -63.09833       0.47476         11.00000       
-62.62317       -63.09546       0.47229         11.00000       
-62.62292       -63.09576       0.47284         11.00000       
-62.62319       -63.09539       0.47219         11.00000       
-62.62351       -63.09323       0.46973         11.00000       
-62.62382       -63.09052       0.46670         11.00000       
-62.62628       -63.08214       0.45586         11.00000       
-62.62556       -63.08640       0.46084         11.00000       
-62.62464       -63.08729       0.46265         11.00000       
-62.62693       -63.08092       0.45399         11.00000       
-59.64717       -62.90567       3.25850         11.00000       
-59.16024       -63.00127       3.84104         11.00000       
-62.62702       -63.08117       0.45415         11.00000       
-62.62780       -63.08002       0.45222         11.00000       
-62.62798       -63.07947       0.45150         11.00000       
-62.62837       -63.07722       0.44886         11.00000       
-62.62880       -63.07311       0.44431         11.00000       
-62.63856       -63.07120       0.43265         11.00000       
-62.62921       -63.07133       0.44212         11.00000       
-62.63628       -63.07526       0.43898         11.00000       
-62.62939       -63.07155       0.44216         11.00000       
-62.62963       -63.07227       0.44263         11.00000       
-62.63407       -63.07102       0.43695         11.00000       
-62.63436       -63.07153       0.43717         11.00000       
-62.63024       -63.07294       0.44270         11.00000       
-62.63803       -63.07248       0.43444         11.00000       
-62.63823       -63.07221       0.43398         11.00000       
-62.63854       -63.07157       0.43303         11.00000       
-62.63790       -63.07241       0.43450         11.00000       
-62.63855       -63.07132       0.43277         11.00000       
-62.63622       -63.06369       0.42747         11.00000       
-62.63638       -63.07526       0.43888         11.00000       
-62.63617       -63.07532       0.43915         11.00000       
-62.63658       -63.06400       0.42741         11.00000       
-62.63481       -63.07955       0.44474         11.00000       
-62.63170       -63.08421       0.45251         11.00000       
-62.63451       -63.08082       0.44631         11.00000       
-62.62900       -63.08243       0.45343         11.00000       
-63.49149       -62.75336       0.73813         11.00000       
-63.29354       -62.64308       0.65046         11.00000       
-63.25231       -62.69926       0.55306         11.00000       
-63.36918       -62.62553       0.74365         11.00000       
-63.13795       -62.47126       0.66669         11.00000       
-63.14343       -62.51277       0.63066         11.00000       
-63.27588       -62.67099       0.60489         11.00000       
-63.43327       -62.84612       0.58715         11.00000       
-63.28721       -62.88771       0.39950         11.00000       
-63.25197       -62.70980       0.54217         11.00000       
-63.22485       -62.34151       0.88334         11.00000       
-63.34431       -62.96318       0.38113         11.00000       
-63.23412       -62.64998       0.58414         11.00000       
-63.33060       -62.98014       0.35046         11.00000       
-63.27339       -62.89665       0.37674         11.00000       
-63.21688       -62.46994       0.74694         11.00000       
-63.33479       -62.97330       0.36149         11.00000       
-63.41576       -62.70947       0.70629         11.00000       
-63.41143       -62.70184       0.70960         11.00000       
-63.44799       -62.64092       0.80707         11.00000       
-63.42561       -62.63019       0.79541         11.00000       
-63.09740       -62.54278       0.55462         11.00000       
-63.12999       -62.53851       0.59149         11.00000       
-63.21020       -62.82983       0.38037         11.00000       
-63.24224       -62.88279       0.35944         11.00000       
-63.35409       -62.81351       0.54058         11.00000       
-63.22564       -62.85488       0.37076         11.00000       
-63.37747       -62.80730       0.57017         11.00000       
-63.39565       -62.80058       0.59508         11.00000       
-63.15081       -62.54515       0.60567         11.00000       
-63.30275       -62.79490       0.50785         11.00000       
-63.31812       -62.80037       0.51775         11.00000       
-63.36287       -62.73272       0.63016         11.00000       
-63.32376       -62.72666       0.59710         11.00000       
-63.31049       -62.70859       0.60190         11.00000       
-63.28604       -62.67611       0.60993         11.00000       
-63.27634       -62.66387       0.61247         11.00000       
-63.24596       -62.73113       0.51483         11.00000       
-63.32924       -62.50544       0.82380         11.00000       
-63.40184       -62.65338       0.74845         11.00000       
-63.33288       -62.80899       0.52390         11.00000       
-63.22578       -62.59267       0.63311         11.00000       
-63.39475       -62.79424       0.60051         11.00000       
-63.20207       -63.01732       0.18475         11.00000       
-63.36535       -62.52000       0.84535         11.00000       
-63.42084       -62.68270       0.73814         11.00000       
-63.22769       -62.65507       0.57262         11.00000       
-63.38218       -62.41826       0.96393         11.00000       
-63.31165       -62.21556       1.09609         11.00000       
-63.29753       -63.10630       0.19124         11.00000       
-63.34280       -62.49861       0.84418         11.00000       
-63.32423       -63.12514       0.19909         11.00000       
-63.36887       -62.87760       0.49127         11.00000       
-63.30318       -62.43111       0.87207         11.00000       
-63.35726       -62.87759       0.47967         11.00000       
-63.23390       -62.67610       0.55780         11.00000       
-63.24163       -62.64317       0.59847         11.00000       
-63.26706       -62.66846       0.59860         11.00000       
-63.25474       -62.65160       0.60313         11.00000       
-63.28275       -62.79883       0.48393         11.00000       
-63.23797       -62.36087       0.87710         11.00000       
-63.28213       -62.81619       0.46594         11.00000       
-63.30149       -62.84515       0.45634         11.00000       
-63.28245       -62.45790       0.82456         11.00000       
-63.20816       -62.30998       0.89819         11.00000       
-63.24911       -62.26778       0.98133         11.00000       
-63.29481       -62.85837       0.43645         11.00000       
-63.22958       -62.70904       0.52054         11.00000       
-63.24524       -62.97259       0.27265         11.00000       
-63.23504       -62.76626       0.46879         11.00000       
-63.26065       -62.59180       0.66885         11.00000       
-63.32474       -62.92605       0.39869         11.00000       
-63.38537       -62.59604       0.78933         11.00000       
-63.19713       -63.18366       0.01347         11.00000       
-63.37507       -63.00120       0.37387         11.00000       
-63.41319       -62.14120       1.27199         11.00000       
-63.24489       -62.68041       0.56448         11.00000       
-60.80090       -60.13120       0.66970         10.00000       
-63.19140       -62.74061       0.45079         11.00000       
-63.39746       -62.88518       0.51228         11.00000       
-63.34249       -62.81854       0.52394         11.00000       
-63.26717       -62.77791       0.48926         11.00000       
-60.87651       -60.93519       0.05868         10.00000       
-60.83629       -60.78713       0.04916         10.00000       
-60.34233       -60.12255       0.21978         10.00000       
-63.38560       -62.85928       0.52632         11.00000       
-60.97207       -60.06317       0.90890         10.00000       
-60.52265       -60.92563       0.40298         10.00000       
-60.93081       -59.84463       1.08618         10.00000       
-63.22021       -62.75485       0.46536         11.00000       
-60.83881       -60.94365       0.10484         10.00000       
-60.37741       -59.75190       0.62551         10.00000       
-60.81997       -60.51190       0.30807         10.00000       
-60.62096       -60.91875       0.29779         10.00000       
-60.79063       -60.69873       0.09190         10.00000       
-60.99833       -60.89980       0.09853         10.00000       
-61.07921       -60.84145       0.23776         10.00000       
-61.04988       -60.93492       0.11497         10.00000       
-60.91936       -60.79551       0.12385         10.00000       
-60.91521       -60.61760       0.29761         10.00000       
-61.14323       -60.66509       0.47814         10.00000       
-60.63693       -59.78476       0.85217         10.00000       
-60.44867       -59.93663       0.51204         10.00000       
-60.70026       -60.22987       0.47039         10.00000       
-60.52510       -60.02103       0.50407         10.00000       
-60.65660       -60.49768       0.15892         10.00000       
-60.64066       -60.16819       0.47247         10.00000       
-60.68879       -60.72094       0.03215         10.00000       
-60.76309       -60.92325       0.16016         10.00000       
-61.03653       -60.38432       0.65222         10.00000       
-60.93373       -59.95391       0.97981         10.00000       
-60.62814       -60.83023       0.20209         10.00000       
-60.92907       -60.69379       0.23528         10.00000       
-61.01330       -60.87139       0.14191         10.00000       
-60.40685       -60.94020       0.53335         10.00000       
-60.44589       -60.93431       0.48842         10.00000       
-60.29362       -59.41341       0.88021         10.00000       
-60.35313       -59.53667       0.81647         10.00000       
-60.83536       -60.83973       0.00438         10.00000       
-61.11789       -60.72425       0.39365         10.00000       
-60.57026       -60.89478       0.32452         10.00000       
-60.55420       -60.78713       0.23293         10.00000       
-60.99459       -60.61934       0.37525         10.00000       
-60.68965       -60.77270       0.08305         10.00000       
-61.19375       -60.89929       0.29447         10.00000       
-61.01956       -60.66758       0.35198         10.00000       
-60.67537       -60.12043       0.55494         10.00000       
-60.79490       -60.39373       0.40117         10.00000       
-60.85784       -60.31806       0.53978         10.00000       
-60.80367       -60.48175       0.32192         10.00000       
-60.62943       -60.98575       0.35632         10.00000       
-60.64432       -60.80357       0.15925         10.00000       
-60.40634       -59.71035       0.69598         10.00000       
-60.80045       -60.09829       0.70215         10.00000       
-61.00900       -60.65240       0.35660         10.00000       
-60.95935       -60.57903       0.38032         10.00000       
-60.71811       -60.48675       0.23137         10.00000       
-60.74108       -60.41654       0.32454         10.00000       
-61.07668       -60.89315       0.18353         10.00000       
-61.19102       -60.76557       0.42545         10.00000       
-60.60862       -60.21331       0.39531         10.00000       
-60.84828       -60.25862       0.58967         10.00000       
-60.70999       -60.95667       0.24668         10.00000       
-60.43780       -60.73791       0.30012         10.00000       
-61.11875       -60.59512       0.52362         10.00000       
-61.11299       -60.52823       0.58475         10.00000       
-60.58937       -59.85715       0.73222         10.00000       
-60.29274       -60.00022       0.29252         10.00000       
-61.12567       -60.48600       0.63967         10.00000       
-60.34640       -60.69831       0.35190         10.00000       
-60.38350       -60.78124       0.39774         10.00000       
-60.74797       -59.99442       0.75355         10.00000       
-60.51451       -60.84539       0.33089         10.00000       
-61.19607       -60.33388       0.86219         10.00000       
-61.07222       -60.26632       0.80590         10.00000       
-60.50439       -60.96673       0.46234         10.00000       
-60.85773       -60.69268       0.16505         10.00000       
-60.56830       -59.95321       0.61510         10.00000       
-60.97699       -60.44400       0.53299         10.00000       
-60.76959       -61.01562       0.24603         10.00000       
-61.03161       -60.75309       0.27852         10.00000       
-60.37245       -60.57391       0.20146         10.00000       
-60.65925       -60.90505       0.24580         10.00000       
-60.92552       -60.79173       0.13378         10.00000       
-60.91875       -61.01559       0.09684         10.00000       
-60.83848       -60.01323       0.82525         10.00000       
-60.76349       -60.26073       0.50276         10.00000       
-60.66021       -60.70986       0.04965         10.00000       
-60.82479       -60.93390       0.10910         10.00000       
-60.84064       -60.98042       0.13978         10.00000       
-60.55089       -60.80979       0.25890         10.00000       
-60.72334       -60.51704       0.20630         10.00000       
-60.50082       -60.36323       0.13759         10.00000       
-60.72193       -60.34725       0.37468         10.00000       
-60.73042       -60.37728       0.35314         10.00000       
-61.05388       -60.59586       0.45803         10.00000       
-60.69738       -60.90830       0.21092         10.00000       
-60.92222       -60.88600       0.03622         10.00000       
-60.62887       -60.64628       0.01741         10.00000       
-60.52418       -60.46340       0.06078         10.00000       
-60.68618       -60.44503       0.24115         10.00000       
-60.66749       -60.98117       0.31368         10.00000       
-60.65494       -60.21716       0.43777         10.00000       
-60.86246       -60.61106       0.25140         10.00000       
-61.00619       -60.76327       0.24291         10.00000       
-61.03953       -60.90359       0.13594         10.00000       
-60.84113       -60.88223       0.04110         10.00000       
-60.90771       -60.86178       0.04593         10.00000       
-60.49062       -60.51487       0.02424         10.00000       
-60.44989       -60.69140       0.24152         10.00000       
-60.40304       -60.40516       0.00213         10.00000       
-60.77255       -59.94154       0.83102         10.00000       
-60.78613       -60.07202       0.71411         10.00000       
-61.27357       -60.72613       0.54745         10.00000       
-60.66354       -60.61173       0.05181         10.00000       
-60.47182       -60.72075       0.24894         10.00000       
-60.87223       -60.64818       0.22405         10.00000       
-60.87319       -60.92280       0.04961         10.00000       
-60.83807       -60.52947       0.30860         10.00000       
-60.42539       -60.40109       0.02430         10.00000       
-60.75844       -60.33438       0.42406         10.00000       
-60.53180       -60.63882       0.10702         10.00000       
-60.55155       -60.98022       0.42867         10.00000       
-60.53084       -60.91676       0.38593         10.00000       
-60.59670       -60.95037       0.35367         10.00000       
-60.91584       -60.48627       0.42958         10.00000       
-60.84657       -60.74563       0.10094         10.00000       
-60.68674       -60.02477       0.66197         10.00000       
-60.81526       -59.72998       1.08528         10.00000       
-60.78757       -60.60074       0.18683         10.00000       
-60.76832       -60.68166       0.08666         10.00000       
-60.90734       -60.80075       0.10658         10.00000       
-60.84608       -60.76189       0.08419         10.00000       
-60.89818       -60.47235       0.42582         10.00000       
-61.04034       -60.82604       0.21431         10.00000       
-61.00936       -60.90704       0.10232         10.00000       
-60.67294       -60.96237       0.28944         10.00000       
-60.93279       -60.90481       0.02798         10.00000       
-60.52621       -60.71861       0.19240         10.00000       
-60.36006       -60.62125       0.26119         10.00000       
-60.73070       -60.85014       0.11944         10.00000       
-60.75523       -60.63630       0.11893         10.00000       
-60.94707       -60.65273       0.29434         10.00000       
-60.64989       -59.97046       0.67944         10.00000       
-60.61254       -60.08139       0.53115         10.00000       
-60.20024       -60.34523       0.14498         10.00000       
-60.78451       -60.91404       0.12953         10.00000       
-60.80817       -60.66571       0.14246         10.00000       
-60.77842       -60.62723       0.15119         10.00000       
-60.83434       -59.91761       0.91673         10.00000       
-60.75425       -59.83702       0.91723         10.00000       
-60.52698       -59.60719       0.91979         10.00000       
-60.49739       -59.93506       0.56232         10.00000       
-60.79885       -60.73167       0.06717         10.00000       
-60.73860       -60.93058       0.19198         10.00000       
-60.41947       -60.94319       0.52372         10.00000       
-60.44698       -59.98655       0.46043         10.00000       
-60.57785       -60.95886       0.38102         10.00000       
-60.50694       -60.96151       0.45456         10.00000       
-60.62850       -60.14708       0.48141         10.00000       
-60.84944       -60.56873       0.28071         10.00000       
-60.78035       -60.52998       0.25037         10.00000       
-60.98430       -60.56426       0.42004         10.00000       
-60.88549       -60.14462       0.74086         10.00000       
-60.79078       -60.47814       0.31264         10.00000       
-60.80013       -60.94519       0.14506         10.00000       
-60.61928       -60.51936       0.09992         10.00000       
-60.45500       -60.88351       0.42851         10.00000       
-98.18090       -97.00621       1.17468         16.00000       
-60.55092       -60.15034       0.40058         10.00000       
-60.67704       -60.18304       0.49401         10.00000       
-60.94870       -60.63140       0.31730         10.00000       
-60.85423       -60.86481       0.01058         10.00000       
-60.89562       -60.91765       0.02204         10.00000       
-60.61924       -60.67245       0.05322         10.00000       
-60.05728       -60.18028       0.12300         10.00000       
-60.62510       -60.54322       0.08188         10.00000       
-60.70582       -60.68697       0.01885         10.00000       
-60.59492       -60.19397       0.40096         10.00000       
-61.19253       -60.72887       0.46366         10.00000       
-60.81636       -60.63176       0.18460         10.00000       
-60.55463       -60.71744       0.16281         10.00000       
-100.26314      -101.28267      1.01953         18.00000       
-101.10196      -101.25680      0.15484         18.00000       
-101.73524      -101.17756      0.55768         18.00000       
-101.86245      -101.16034      0.70211         18.00000       
-101.96372      -101.09917      0.86455         18.00000       
-102.22613      -101.03835      1.18778         18.00000       
-102.16276      -101.06914      1.09363         18.00000       
-102.21985      -101.03826      1.18159         18.00000       
-102.28210      -101.01293      1.26918         18.00000       
-102.31291      -101.00686      1.30606         18.00000       
-102.32186      -101.00223      1.31963         18.00000       
-73.90775       -73.85663       0.05112         13.00000       
-74.10272       -73.69735       0.40537         13.00000       
-73.44844       -74.28580       0.83736         13.00000       
-73.62437       -74.19647       0.57210         13.00000       
-73.64177       -74.24275       0.60098         13.00000       
-73.53180       -73.57709       0.04529         13.00000       
-73.41047       -73.45655       0.04608         13.00000       
-73.37619       -74.33689       0.96069         13.00000       
-73.41908       -74.04456       0.62548         13.00000       
-102.39813      -100.99506      1.40308         18.00000       
-102.38000      -100.99360      1.38640         18.00000       
-73.46613       -73.80823       0.34210         13.00000       
-73.40914       -72.89240       0.51674         13.00000       
-73.41229       -73.94835       0.53605         13.00000       
-73.54230       -73.31248       0.22982         13.00000       
-73.49072       -73.03609       0.45463         13.00000       
-73.48516       -73.31681       0.16834         13.00000       
-73.47772       -73.40737       0.07035         13.00000       
-73.53383       -73.51323       0.02060         13.00000       
-73.55724       -74.01541       0.45817         13.00000       
-73.27661       -73.63124       0.35463         13.00000       
-73.47747       -73.67552       0.19805         13.00000       
-98.18082       -97.00680       1.17401         16.00000       
-97.60933       -96.95450       0.65483         16.00000       
-73.39325       -73.78761       0.39436         13.00000       
-73.40664       -73.85211       0.44546         13.00000       
-73.41704       -74.21760       0.80056         13.00000       
-73.48313       -73.42750       0.05563         13.00000       
-73.39459       -73.18096       0.21363         13.00000       
-73.29458       -72.85130       0.44328         13.00000       
-73.30240       -73.40154       0.09914         13.00000       
-73.30606       -73.43423       0.12817         13.00000       
-73.44279       -73.27780       0.16499         13.00000       
-73.45385       -73.24567       0.20818         13.00000       
-73.49992       -73.62767       0.12775         13.00000       
-73.35192       -73.11468       0.23723         13.00000       
-73.51736       -73.95201       0.43465         13.00000       
-73.36382       -73.34050       0.02332         13.00000       
-73.34415       -73.84610       0.50195         13.00000       
-73.48261       -73.73452       0.25192         13.00000       
-73.34367       -73.60161       0.25794         13.00000       
-73.35212       -73.24779       0.10433         13.00000       
-73.21018       -73.10265       0.10753         13.00000       
-73.41277       -73.19032       0.22245         13.00000       
-73.38318       -73.49089       0.10771         13.00000       
-97.48535       -96.66968       0.81567         16.00000       
-97.28925       -96.45416       0.83508         16.00000       
-97.37500       -97.09931       0.27569         16.00000       
-97.42901       -97.00926       0.41975         16.00000       
-97.35568       -96.60908       0.74660         16.00000       
-73.32959       -73.74755       0.41796         13.00000       
-97.43810       -96.76798       0.67012         16.00000       
-97.43405       -97.07935       0.35470         16.00000       
-97.45222       -97.13118       0.32104         16.00000       
-97.17659       -96.94320       0.23339         16.00000       
-97.39824       -96.97148       0.42676         16.00000       
-97.65595       -97.06329       0.59266         16.00000       
-97.66773       -96.89111       0.77662         16.00000       
-73.53930       -73.95780       0.41850         13.00000       
-97.74473       -96.82652       0.91821         16.00000       
-97.52620       -97.07606       0.45014         16.00000       
-97.55956       -96.67985       0.87971         16.00000       
-97.48219       -96.93143       0.55076         16.00000       
-73.45463       -74.00461       0.54998         13.00000       
-73.38644       -73.10159       0.28485         13.00000       
-97.40685       -96.98308       0.42377         16.00000       
-97.43177       -96.95758       0.47419         16.00000       
-97.41332       -97.28771       0.12562         16.00000       
-97.35865       -97.28941       0.06925         16.00000       
-97.37587       -96.96040       0.41548         16.00000       
-73.46548       -73.18475       0.28073         13.00000       
-73.64854       -73.92152       0.27299         13.00000       
-97.57339       -96.83189       0.74150         16.00000       
-73.30390       -73.74013       0.43623         13.00000       
-73.47984       -74.17903       0.69919         13.00000       
-73.38115       -73.31171       0.06945         13.00000       
-73.48128       -73.55429       0.07302         13.00000       
-73.51229       -73.68867       0.17638         13.00000       
-73.35375       -73.80664       0.45289         13.00000       
-73.44476       -73.88040       0.43564         13.00000       
-97.38444       -96.98549       0.39895         16.00000       
-73.49357       -73.83212       0.33855         13.00000       
-73.56880       -73.73506       0.16626         13.00000       
-73.35869       -73.44564       0.08694         13.00000       
-73.48415       -73.77103       0.28688         13.00000       
-73.23876       -73.85856       0.61981         13.00000       
-73.40557       -73.26271       0.14286         13.00000       
-73.46650       -73.56529       0.09879         13.00000       
-73.58676       -73.52686       0.05990         13.00000       
-73.52948       -73.64377       0.11429         13.00000       
-73.53896       -73.34750       0.19146         13.00000       
-73.48111       -73.21030       0.27081         13.00000       
-73.49926       -73.67915       0.17989         13.00000       
-73.71522       -74.03063       0.31541         13.00000       
-73.77058       -73.95181       0.18123         13.00000       
-73.70654       -73.64196       0.06458         13.00000       
-73.74805       -73.53745       0.21060         13.00000       
-73.73311       -73.36424       0.36887         13.00000       
-73.45009       -73.21941       0.23068         13.00000       
-73.43943       -73.09249       0.34693         13.00000       
-73.41030       -73.21458       0.19571         13.00000       
-73.35154       -74.02142       0.66987         13.00000       
-73.47398       -74.16221       0.68823         13.00000       
-73.55767       -73.92784       0.37017         13.00000       
-73.73753       -73.61816       0.11937         13.00000       
-73.43141       -73.17498       0.25643         13.00000       
-73.38364       -72.98320       0.40044         13.00000       
-73.41990       -73.68869       0.26879         13.00000       
-73.32166       -73.76614       0.44449         13.00000       
-73.39074       -72.95932       0.43142         13.00000       
-73.46368       -73.07651       0.38717         13.00000       
-73.39247       -73.64884       0.25637         13.00000       
-73.35054       -73.65840       0.30786         13.00000       
-73.36077       -74.00815       0.64738         13.00000       
-73.42956       -74.07751       0.64795         13.00000       
-73.46894       -74.07042       0.60148         13.00000       
-73.56192       -73.96819       0.40627         13.00000       
-73.22948       -73.91025       0.68077         13.00000       
-73.47623       -73.90876       0.43253         13.00000       
-73.56741       -73.46262       0.10479         13.00000       
-73.39449       -73.53145       0.13695         13.00000       
-73.58010       -73.44265       0.13745         13.00000       
# MSE = 4.24350E+00
# Maxerror = 1.03560E+01
