 Methfessel-Paxton distribution function order           4

Calculation with static geometry


********************************************************************************
 iSCC Total electronic   Diff electronic      SCC error    
   57   -0.20899170E+02   -0.31974423E-13    0.94562822E-06
********************************************************************************

 Total charge:    -0.00000000

 Atomic gross charges (e)
 Atom           Charge
    1       0.79592206
    2       0.03715070
    3       0.16414057
    4      -0.01062136
    5       0.00574907
    6       0.02446434
    7       0.05243754
    8       0.64890113
    9       0.67349423
   10      -0.71719136
   11      -0.64129250
   12      -0.67736323
   13      -0.35579119

Nr. of electrons (up):     42.00000000
Atom populations (up)
 Atom       Population
    1       3.20407794
    2       3.96284930
    3       3.83585943
    4       1.01062136
    5       0.99425093
    6       0.97553566
    7       0.94756246
    8       0.35109887
    9       0.32650577
   10       6.71719136
   11       6.64129250
   12       6.67736323
   13       6.35579119

l-shell populations (up)
 Atom Sh.   l       Population
    1   1   0       0.99458609
    1   2   1       2.20949184
    2   1   0       1.17790958
    2   2   1       2.78493973
    3   1   0       1.13118225
    3   2   1       2.70467718
    4   1   0       1.01062136
    5   1   0       0.99425093
    6   1   0       0.97553566
    7   1   0       0.94756246
    8   1   0       0.35109887
    9   1   0       0.32650577
   10   1   0       1.73742069
   10   2   1       4.97977067
   11   1   0       1.77366777
   11   2   1       4.86762472
   12   1   0       1.78512970
   12   2   1       4.89223354
   13   1   0       1.71537712
   13   2   1       4.64041406

Orbital populations (up)
 Atom Sh.   l   m       Population  Label
    1   1   0   0       0.99458609  s
    1   2   1  -1       0.74117620  p_y
    1   2   1   0       0.75095268  p_z
    1   2   1   1       0.71736296  p_x
    2   1   0   0       1.17790958  s
    2   2   1  -1       0.90212095  p_y
    2   2   1   0       0.98822304  p_z
    2   2   1   1       0.89459573  p_x
    3   1   0   0       1.13118225  s
    3   2   1  -1       0.88005794  p_y
    3   2   1   0       0.95127298  p_z
    3   2   1   1       0.87334625  p_x
    4   1   0   0       1.01062136  s
    5   1   0   0       0.99425093  s
    6   1   0   0       0.97553566  s
    7   1   0   0       0.94756246  s
    8   1   0   0       0.35109887  s
    9   1   0   0       0.32650577  s
   10   1   0   0       1.73742069  s
   10   2   1  -1       1.43717865  p_y
   10   2   1   0       1.82736027  p_z
   10   2   1   1       1.71523175  p_x
   11   1   0   0       1.77366777  s
   11   2   1  -1       1.69882067  p_y
   11   2   1   0       1.69532711  p_z
   11   2   1   1       1.47347694  p_x
   12   1   0   0       1.78512970  s
   12   2   1  -1       1.44817955  p_y
   12   2   1   0       1.66010174  p_z
   12   2   1   1       1.78395225  p_x
   13   1   0   0       1.71537712  s
   13   2   1  -1       1.65844105  p_y
   13   2   1   0       1.75964039  p_z
   13   2   1   1       1.22233262  p_x

Fermi level:                        -0.0441226374 H           -1.2006 eV
Band energy:                       -16.6299188941 H         -452.5231 eV
TS:                                  0.0000000000 H            0.0000 eV
Band free energy (E-TS):           -16.6299188941 H         -452.5231 eV
Extrapolated E(0K):                -16.6299188941 H         -452.5231 eV
Input / Output electrons (q):     42.0000000000     42.0000000000

Energy H0:                         -21.0121736875 H         -571.7703 eV
Energy SCC:                          0.1130032825 H            3.0750 eV
Total Electronic energy:           -20.8991704050 H         -568.6954 eV
Repulsive energy:                    0.0000000000 H            0.0000 eV
Total energy:                      -20.8991704050 H         -568.6954 eV
Extrapolated to 0:                 -20.8991704050 H         -568.6954 eV
Total Mermin free energy:          -20.8991704050 H         -568.6954 eV
Force related energy:              -20.8991704050 H         -568.6954 eV

SCC converged

Total Forces
    1     -0.136016714216      0.030507382563     -0.058903973378
    2     -0.056652720297      0.066770218029      0.044187949717
    3      0.063578469772     -0.005004961146     -0.048679338738
    4     -0.052688217113      0.057331080126     -0.048904531640
    5      0.033631668687      0.063873787732      0.067243410219
    6     -0.001312903874     -0.034319753084     -0.100021041710
    7      0.019626942195     -0.095782240345      0.041535202955
    8     -0.011689677793     -0.013723999970      0.005455221968
    9      0.009930372192     -0.004457721238      0.000604558676
   10     -0.083979544990     -0.105377298830      0.050628465370
   11      0.237624156786      0.189272723125      0.030506975507
   12      0.024960484714     -0.259970599872      0.101723431094
   13     -0.047012316062      0.110881382912     -0.085376330040

Total stress tensor
     -0.000037758525     -0.000012425814     -0.000006300014
     -0.000012425815     -0.000046584602      0.000010269874
     -0.000006300014      0.000010269874     -0.000019040225

Total lattice derivs
      0.035057911197      0.011537079480      0.005849416134
      0.011537079519      0.043252718980     -0.009535339151
      0.008999101786     -0.014669752534      0.027197546598

Maximal derivative component:        0.259971E+00 au

Volume:                              0.350913E+05 au^3
Pressure:                           -0.344611E-04 au    -0.101388E+10 Pa

Warning: dipole moment is not defined absolutely!
Dipole moment:   -0.55209234    2.40161116   -1.38391102 au
Dipole moment:   -1.40327888    6.10428717   -3.51755124 Debye


